<?xml version="1.0" encoding="UTF-8"?>
<!-- Generated by org.testng.reporters.JUnitXMLReporter -->
<testsuite hostname="iqbal" name="Home Page" tests="1" failures="0" timestamp="8 May 2016 02:06:22 GMT" time="0.031" errors="0">
  <testcase name="@BeforeMethod setUp" time="0.0" classname="search.ItemSearch">
    <failure type="org.testng.TestNGException" message="
Method setUp requires 7 parameters but 0 were supplied in the @Configuration annotation.">
      <![CDATA[org.testng.TestNGException: 
Method setUp requires 7 parameters but 0 were supplied in the @Configuration annotation.
... Removed 27 stack frames]]>
    </failure>
  </testcase> <!-- @BeforeMethod setUp -->
  <testcase name="@AfterMethod cleanUp" time="0.0" classname="search.ItemSearch">
    <skipped/>
  </testcase> <!-- @AfterMethod cleanUp -->
  <testcase name="dropDownSearch" time="0.006" classname="search.ItemSearch">
    <skipped/>
  </testcase> <!-- dropDownSearch -->
</testsuite> <!-- Home Page -->
